# JRE version: Java(TM) SE Runtime Environment (8.0_31-b13) (build 1.8.0_31-b13)
# Java VM: Java HotSpot(TM) 64-Bit Server VM (25.31-b07 mixed mode windows-amd64 compressed oops)
Heap:
 PSYoungGen      total 76288K, used 23246K [0x000000076b200000, 0x0000000770700000, 0x00000007c0000000)
  eden space 65536K, 35% used [0x000000076b200000,0x000000076c8b39f0,0x000000076f200000)
  from space 10752K, 0% used [0x000000076f200000,0x000000076f200000,0x000000076fc80000)
  to   space 10752K, 0% used [0x000000076fc80000,0x000000076fc80000,0x0000000770700000)
 ParOldGen       total 126464K, used 7651K [0x00000006c1600000, 0x00000006c9180000, 0x000000076b200000)
  object space 126464K, 6% used [0x00000006c1600000,0x00000006c1d78e68,0x00000006c9180000)
 Metaspace       used 28815K, capacity 29192K, committed 29440K, reserved 1077248K
  class space    used 2313K, capacity 2484K, committed 2560K, reserved 1048576K
GC Heap History (10 events):
Event: 36.142 GC heap before
{Heap before GC invocations=1 (full 0):
 PSYoungGen      total 76288K, used 65536K [0x000000076b200000, 0x0000000770700000, 0x00000007c0000000)
  eden space 65536K, 100% used [0x000000076b200000,0x000000076f200000,0x000000076f200000)
  from space 10752K, 0% used [0x000000076fc80000,0x000000076fc80000,0x0000000770700000)
  to   space 10752K, 0% used [0x000000076f200000,0x000000076f200000,0x000000076fc80000)
 ParOldGen       total 175104K, used 0K [0x00000006c1600000, 0x00000006cc100000, 0x000000076b200000)
  object space 175104K, 0% used [0x00000006c1600000,0x00000006c1600000,0x00000006cc100000)
 Metaspace       used 12569K, capacity 12958K, committed 13184K, reserved 1060864K
  class space    used 1471K, capacity 1619K, committed 1664K, reserved 1048576K
Event: 36.159 GC heap after
Heap after GC invocations=1 (full 0):
 PSYoungGen      total 76288K, used 10727K [0x000000076b200000, 0x0000000770700000, 0x00000007c0000000)
  eden space 65536K, 0% used [0x000000076b200000,0x000000076b200000,0x000000076f200000)
  from space 10752K, 99% used [0x000000076f200000,0x000000076fc79ef8,0x000000076fc80000)
  to   space 10752K, 0% used [0x000000076fc80000,0x000000076fc80000,0x0000000770700000)
 ParOldGen       total 175104K, used 3108K [0x00000006c1600000, 0x00000006cc100000, 0x000000076b200000)
  object space 175104K, 1% used [0x00000006c1600000,0x00000006c1909110,0x00000006cc100000)
 Metaspace       used 12569K, capacity 12958K, committed 13184K, reserved 1060864K
  class space    used 1471K, capacity 1619K, committed 1664K, reserved 1048576K
}
Event: 37.875 GC heap before
{Heap before GC invocations=2 (full 0):
 PSYoungGen      total 76288K, used 22026K [0x000000076b200000, 0x0000000770700000, 0x00000007c0000000)
  eden space 65536K, 17% used [0x000000076b200000,0x000000076bd08b38,0x000000076f200000)
  from space 10752K, 99% used [0x000000076f200000,0x000000076fc79ef8,0x000000076fc80000)
  to   space 10752K, 0% used [0x000000076fc80000,0x000000076fc80000,0x0000000770700000)
 ParOldGen       total 175104K, used 3108K [0x00000006c1600000, 0x00000006cc100000, 0x000000076b200000)
  object space 175104K, 1% used [0x00000006c1600000,0x00000006c1909110,0x00000006cc100000)
 Metaspace       used 20756K, capacity 21104K, committed 21296K, reserved 1069056K
  class space    used 1903K, capacity 2070K, committed 2176K, reserved 1048576K
Event: 37.886 GC heap after
Heap after GC invocations=2 (full 0):
 PSYoungGen      total 76288K, used 10744K [0x000000076b200000, 0x0000000770700000, 0x00000007c0000000)
  eden space 65536K, 0% used [0x000000076b200000,0x000000076b200000,0x000000076f200000)
  from space 10752K, 99% used [0x000000076fc80000,0x00000007706fe130,0x0000000770700000)
  to   space 10752K, 0% used [0x000000076f200000,0x000000076f200000,0x000000076fc80000)
 ParOldGen       total 175104K, used 5926K [0x00000006c1600000, 0x00000006cc100000, 0x000000076b200000)
  object space 175104K, 3% used [0x00000006c1600000,0x00000006c1bc9938,0x00000006cc100000)
 Metaspace       used 20756K, capacity 21104K, committed 21296K, reserved 1069056K
  class space    used 1903K, capacity 2070K, committed 2176K, reserved 1048576K
}
Event: 37.886 GC heap before
{Heap before GC invocations=3 (full 1):
 PSYoungGen      total 76288K, used 10744K [0x000000076b200000, 0x0000000770700000, 0x00000007c0000000)
  eden space 65536K, 0% used [0x000000076b200000,0x000000076b200000,0x000000076f200000)
  from space 10752K, 99% used [0x000000076fc80000,0x00000007706fe130,0x0000000770700000)
  to   space 10752K, 0% used [0x000000076f200000,0x000000076f200000,0x000000076fc80000)
 ParOldGen       total 175104K, used 5926K [0x00000006c1600000, 0x00000006cc100000, 0x000000076b200000)
  object space 175104K, 3% used [0x00000006c1600000,0x00000006c1bc9938,0x00000006cc100000)
 Metaspace       used 20756K, capacity 21104K, committed 21296K, reserved 1069056K
  class space    used 1903K, capacity 2070K, committed 2176K, reserved 1048576K
Event: 37.921 GC heap after
Heap after GC invocations=3 (full 1):
 PSYoungGen      total 76288K, used 0K [0x000000076b200000, 0x0000000770700000, 0x00000007c0000000)
  eden space 65536K, 0% used [0x000000076b200000,0x000000076b200000,0x000000076f200000)
  from space 10752K, 0% used [0x000000076fc80000,0x000000076fc80000,0x0000000770700000)
  to   space 10752K, 0% used [0x000000076f200000,0x000000076f200000,0x000000076fc80000)
 ParOldGen       total 83456K, used 14421K [0x00000006c1600000, 0x00000006c6780000, 0x000000076b200000)
  object space 83456K, 17% used [0x00000006c1600000,0x00000006c2415688,0x00000006c6780000)
 Metaspace       used 20755K, capacity 21102K, committed 21296K, reserved 1069056K
  class space    used 1902K, capacity 2069K, committed 2176K, reserved 1048576K
}
Event: 41.059 GC heap before
{Heap before GC invocations=4 (full 1):
 PSYoungGen      total 76288K, used 10983K [0x000000076b200000, 0x0000000770700000, 0x00000007c0000000)
  eden space 65536K, 16% used [0x000000076b200000,0x000000076bcb9f08,0x000000076f200000)
  from space 10752K, 0% used [0x000000076fc80000,0x000000076fc80000,0x0000000770700000)
  to   space 10752K, 0% used [0x000000076f200000,0x000000076f200000,0x000000076fc80000)
 ParOldGen       total 83456K, used 14421K [0x00000006c1600000, 0x00000006c6780000, 0x000000076b200000)
  object space 83456K, 17% used [0x00000006c1600000,0x00000006c2415688,0x00000006c6780000)
 Metaspace       used 22480K, capacity 22862K, committed 23168K, reserved 1071104K
  class space    used 1996K, capacity 2165K, committed 2176K, reserved 1048576K
Event: 41.064 GC heap after
Heap after GC invocations=4 (full 1):
 PSYoungGen      total 76288K, used 256K [0x000000076b200000, 0x0000000770700000, 0x00000007c0000000)
  eden space 65536K, 0% used [0x000000076b200000,0x000000076b200000,0x000000076f200000)
  from space 10752K, 2% used [0x000000076f200000,0x000000076f240000,0x000000076fc80000)
  to   space 10752K, 0% used [0x000000076fc80000,0x000000076fc80000,0x0000000770700000)
 ParOldGen       total 83456K, used 14421K [0x00000006c1600000, 0x00000006c6780000, 0x000000076b200000)
  object space 83456K, 17% used [0x00000006c1600000,0x00000006c2415688,0x00000006c6780000)
 Metaspace       used 22480K, capacity 22862K, committed 23168K, reserved 1071104K
  class space    used 1996K, capacity 2165K, committed 2176K, reserved 1048576K
}
Event: 41.064 GC heap before
{Heap before GC invocations=5 (full 2):
 PSYoungGen      total 76288K, used 256K [0x000000076b200000, 0x0000000770700000, 0x00000007c0000000)
  eden space 65536K, 0% used [0x000000076b200000,0x000000076b200000,0x000000076f200000)
  from space 10752K, 2% used [0x000000076f200000,0x000000076f240000,0x000000076fc80000)
  to   space 10752K, 0% used [0x000000076fc80000,0x000000076fc80000,0x0000000770700000)
 ParOldGen       total 83456K, used 14421K [0x00000006c1600000, 0x00000006c6780000, 0x000000076b200000)
  object space 83456K, 17% used [0x00000006c1600000,0x00000006c2415688,0x00000006c6780000)
 Metaspace       used 22480K, capacity 22862K, committed 23168K, reserved 1071104K
  class space    used 1996K, capacity 2165K, committed 2176K, reserved 1048576K
Event: 41.118 GC heap after
Heap after GC invocations=5 (full 2):
 PSYoungGen      total 76288K, used 0K [0x000000076b200000, 0x0000000770700000, 0x00000007c0000000)
  eden space 65536K, 0% used [0x000000076b200000,0x000000076b200000,0x000000076f200000)
  from space 10752K, 0% used [0x000000076f200000,0x000000076f200000,0x000000076fc80000)
  to   space 10752K, 0% used [0x000000076fc80000,0x000000076fc80000,0x0000000770700000)
 ParOldGen       total 126464K, used 7651K [0x00000006c1600000, 0x00000006c9180000, 0x000000076b200000)
  object space 126464K, 6% used [0x00000006c1600000,0x00000006c1d78e68,0x00000006c9180000)
 Metaspace       used 22478K, capacity 22856K, committed 23168K, reserved 1071104K
  class space    used 1996K, capacity 2164K, committed 2176K, reserved 1048576K
}

